{"level":30,"time":1612801930031,"pid":8904,"hostname":"DESKTOP-KCU6C31","msg":"1612801930030received Short comment: No changes for tomorrow opening. We still have one position.\nBUY SIGNALS\n(Buy on open)\n\nNone\n\nSELL SIGNALS\n(Sell on open)\n\nNone\n\nONGOING TRADES\n\nAmgen Inc (AMGN), entry price 240 - 210202\n\n\nTo unsubscribe from our periodic e-mail messages, please click the following link\n\n"}
{"level":30,"time":1612801930032,"pid":8904,"hostname":"DESKTOP-KCU6C31","msg":"1612801930031received 2020/01/01"}
{"level":30,"time":1612801930032,"pid":8904,"hostname":"DESKTOP-KCU6C31","msg":"1612801930032received Swing trading Signals 2/8/21 [The Robust Trader]\n"}
{"level":30,"time":1612801930032,"pid":8904,"hostname":"DESKTOP-KCU6C31","msg":"Request Type:"}
{"level":60,"time":1612801930032,"pid":8904,"hostname":"DESKTOP-KCU6C31","msg":"{\n  \"text\": \"Short comment: No changes for tomorrow opening. We still have one position.\\nBUY SIGNALS\\n(Buy on open)\\n\\nNone\\n\\nSELL SIGNALS\\n(Sell on open)\\n\\nNone\\n\\nONGOING TRADES\\n\\nAmgen Inc (AMGN), entry price 240 - 210202\\n\\n\\nTo unsubscribe from our periodic e-mail messages, please click the following link\\n\\n\",\n  \"date\": \"2020/01/01\",\n  \"header\": \"Swing trading Signals 2/8/21 [The Robust Trader]\\n\"\n}"}
{"level":30,"time":1612801930603,"pid":8904,"hostname":"DESKTOP-KCU6C31","msg":"1612801930603received Short comment: No changes for tomorrow opening. We still have one position.\nBUY SIGNALS\n(Buy on open)\n\nNone\n\nSELL SIGNALS\n(Sell on open)\n\nNone\n\nONGOING TRADES\n\nAmgen Inc (AMGN), entry price 240 - 210202\n\n\nTo unsubscribe from our periodic e-mail messages, please click the following link\n\n"}
{"level":30,"time":1612801930604,"pid":8904,"hostname":"DESKTOP-KCU6C31","msg":"1612801930604received 2020/01/01"}
{"level":30,"time":1612801930604,"pid":8904,"hostname":"DESKTOP-KCU6C31","msg":"1612801930604received Swing trading Signals 2/8/21 [The Robust Trader]\n"}
{"level":30,"time":1612801930604,"pid":8904,"hostname":"DESKTOP-KCU6C31","msg":"Request Type:"}
{"level":60,"time":1612801930604,"pid":8904,"hostname":"DESKTOP-KCU6C31","msg":"{\n  \"text\": \"Short comment: No changes for tomorrow opening. We still have one position.\\nBUY SIGNALS\\n(Buy on open)\\n\\nNone\\n\\nSELL SIGNALS\\n(Sell on open)\\n\\nNone\\n\\nONGOING TRADES\\n\\nAmgen Inc (AMGN), entry price 240 - 210202\\n\\n\\nTo unsubscribe from our periodic e-mail messages, please click the following link\\n\\n\",\n  \"date\": \"2020/01/01\",\n  \"header\": \"Swing trading Signals 2/8/21 [The Robust Trader]\\n\"\n}"}
{"level":30,"time":1612801931090,"pid":8904,"hostname":"DESKTOP-KCU6C31","msg":"1612801931090received Short comment: No changes for tomorrow opening. We still have one position.\nBUY SIGNALS\n(Buy on open)\n\nNone\n\nSELL SIGNALS\n(Sell on open)\n\nNone\n\nONGOING TRADES\n\nAmgen Inc (AMGN), entry price 240 - 210202\n\n\nTo unsubscribe from our periodic e-mail messages, please click the following link\n\n"}
{"level":30,"time":1612801931091,"pid":8904,"hostname":"DESKTOP-KCU6C31","msg":"1612801931091received 2020/01/01"}
{"level":30,"time":1612801931091,"pid":8904,"hostname":"DESKTOP-KCU6C31","msg":"1612801931091received Swing trading Signals 2/8/21 [The Robust Trader]\n"}
{"level":30,"time":1612801931091,"pid":8904,"hostname":"DESKTOP-KCU6C31","msg":"Request Type:"}
{"level":60,"time":1612801931091,"pid":8904,"hostname":"DESKTOP-KCU6C31","msg":"{\n  \"text\": \"Short comment: No changes for tomorrow opening. We still have one position.\\nBUY SIGNALS\\n(Buy on open)\\n\\nNone\\n\\nSELL SIGNALS\\n(Sell on open)\\n\\nNone\\n\\nONGOING TRADES\\n\\nAmgen Inc (AMGN), entry price 240 - 210202\\n\\n\\nTo unsubscribe from our periodic e-mail messages, please click the following link\\n\\n\",\n  \"date\": \"2020/01/01\",\n  \"header\": \"Swing trading Signals 2/8/21 [The Robust Trader]\\n\"\n}"}
{"level":30,"time":1612801931631,"pid":8904,"hostname":"DESKTOP-KCU6C31","msg":"1612801931631received Short comment: No changes for tomorrow opening. We still have one position.\nBUY SIGNALS\n(Buy on open)\n\nNone\n\nSELL SIGNALS\n(Sell on open)\n\nNone\n\nONGOING TRADES\n\nAmgen Inc (AMGN), entry price 240 - 210202\n\n\nTo unsubscribe from our periodic e-mail messages, please click the following link\n\n"}
{"level":30,"time":1612801931631,"pid":8904,"hostname":"DESKTOP-KCU6C31","msg":"1612801931631received 2020/01/01"}
{"level":30,"time":1612801931631,"pid":8904,"hostname":"DESKTOP-KCU6C31","msg":"1612801931631received Swing trading Signals 2/8/21 [The Robust Trader]\n"}
{"level":30,"time":1612801931631,"pid":8904,"hostname":"DESKTOP-KCU6C31","msg":"Request Type:"}
{"level":60,"time":1612801931631,"pid":8904,"hostname":"DESKTOP-KCU6C31","msg":"{\n  \"text\": \"Short comment: No changes for tomorrow opening. We still have one position.\\nBUY SIGNALS\\n(Buy on open)\\n\\nNone\\n\\nSELL SIGNALS\\n(Sell on open)\\n\\nNone\\n\\nONGOING TRADES\\n\\nAmgen Inc (AMGN), entry price 240 - 210202\\n\\n\\nTo unsubscribe from our periodic e-mail messages, please click the following link\\n\\n\",\n  \"date\": \"2020/01/01\",\n  \"header\": \"Swing trading Signals 2/8/21 [The Robust Trader]\\n\"\n}"}
{"level":30,"time":1612801932058,"pid":8904,"hostname":"DESKTOP-KCU6C31","msg":"1612801932058received Short comment: No changes for tomorrow opening. We still have one position.\nBUY SIGNALS\n(Buy on open)\n\nNone\n\nSELL SIGNALS\n(Sell on open)\n\nNone\n\nONGOING TRADES\n\nAmgen Inc (AMGN), entry price 240 - 210202\n\n\nTo unsubscribe from our periodic e-mail messages, please click the following link\n\n"}
{"level":30,"time":1612801932058,"pid":8904,"hostname":"DESKTOP-KCU6C31","msg":"1612801932058received 2020/01/01"}
{"level":30,"time":1612801932058,"pid":8904,"hostname":"DESKTOP-KCU6C31","msg":"1612801932058received Swing trading Signals 2/8/21 [The Robust Trader]\n"}
{"level":30,"time":1612801932058,"pid":8904,"hostname":"DESKTOP-KCU6C31","msg":"Request Type:"}
{"level":60,"time":1612801932058,"pid":8904,"hostname":"DESKTOP-KCU6C31","msg":"{\n  \"text\": \"Short comment: No changes for tomorrow opening. We still have one position.\\nBUY SIGNALS\\n(Buy on open)\\n\\nNone\\n\\nSELL SIGNALS\\n(Sell on open)\\n\\nNone\\n\\nONGOING TRADES\\n\\nAmgen Inc (AMGN), entry price 240 - 210202\\n\\n\\nTo unsubscribe from our periodic e-mail messages, please click the following link\\n\\n\",\n  \"date\": \"2020/01/01\",\n  \"header\": \"Swing trading Signals 2/8/21 [The Robust Trader]\\n\"\n}"}
{"level":30,"time":1612801932488,"pid":8904,"hostname":"DESKTOP-KCU6C31","msg":"1612801932488received Short comment: No changes for tomorrow opening. We still have one position.\nBUY SIGNALS\n(Buy on open)\n\nNone\n\nSELL SIGNALS\n(Sell on open)\n\nNone\n\nONGOING TRADES\n\nAmgen Inc (AMGN), entry price 240 - 210202\n\n\nTo unsubscribe from our periodic e-mail messages, please click the following link\n\n"}
{"level":30,"time":1612801932488,"pid":8904,"hostname":"DESKTOP-KCU6C31","msg":"1612801932488received 2020/01/01"}
{"level":30,"time":1612801932488,"pid":8904,"hostname":"DESKTOP-KCU6C31","msg":"1612801932488received Swing trading Signals 2/8/21 [The Robust Trader]\n"}
{"level":30,"time":1612801932488,"pid":8904,"hostname":"DESKTOP-KCU6C31","msg":"Request Type:"}
{"level":60,"time":1612801932488,"pid":8904,"hostname":"DESKTOP-KCU6C31","msg":"{\n  \"text\": \"Short comment: No changes for tomorrow opening. We still have one position.\\nBUY SIGNALS\\n(Buy on open)\\n\\nNone\\n\\nSELL SIGNALS\\n(Sell on open)\\n\\nNone\\n\\nONGOING TRADES\\n\\nAmgen Inc (AMGN), entry price 240 - 210202\\n\\n\\nTo unsubscribe from our periodic e-mail messages, please click the following link\\n\\n\",\n  \"date\": \"2020/01/01\",\n  \"header\": \"Swing trading Signals 2/8/21 [The Robust Trader]\\n\"\n}"}
